This is XeTeX, Version 3.14159265-2.6-0.99999 (MiKTeX 2.9.6745 64-bit) (preloaded format=xelatex 2019.6.5)  11 APR 2020 15:30
entering extended mode
**C:/Users/lorenzo/Documents/GitHub/Ricettine/LaTex/Ricettine.tex
(C:/Users/lorenzo/Documents/GitHub/Ricettine/LaTex/Ricettine.tex
LaTeX2e <2018-04-01> patch level 5
(C:/Users/lorenzo/Documents/GitHub/Ricettine/LaTex\svmono.cls
Document Class: svmono 2005/09/23 v4.11 
Springer Verlag global LaTeX document class for monographs
Class Springer-SVMono Info: extra/valid Springer sub-package 
(Springer-SVMono)           not found in option list - using "global" style.

("C:\Users\lorenzo\AppData\Local\Programs\newMiKTeX 2.9\tex\latex\base\article.
cls"
Document Class: article 2014/09/29 v1.4h Standard LaTeX document class

("C:\Users\lorenzo\AppData\Local\Programs\newMiKTeX 2.9\tex\latex\base\size10.c
lo"
File: size10.clo 2014/09/29 v1.4h Standard LaTeX file (size option)
)
\c@part=\count80
\c@section=\count81
\c@subsection=\count82
\c@subsubsection=\count83
\c@paragraph=\count84
\c@subparagraph=\count85
\c@figure=\count86
\c@table=\count87
\abovecaptionskip=\skip41
\belowcaptionskip=\skip42
\bibindent=\dimen102
)
\betweenumberspace=\dimen103
\headlineindent=\dimen104
\c@chapter=\count88
\chapstarthookwidth=\dimen105
\svitemindent=\dimen106
\verbatimindent=\dimen107
LaTeX Font Info:    Redeclaring math symbol \Gamma on input line 624.
LaTeX Font Info:    Redeclaring math symbol \Delta on input line 625.
LaTeX Font Info:    Redeclaring math symbol \Theta on input line 626.
LaTeX Font Info:    Redeclaring math symbol \Lambda on input line 627.
LaTeX Font Info:    Redeclaring math symbol \Xi on input line 628.
LaTeX Font Info:    Redeclaring math symbol \Pi on input line 629.
LaTeX Font Info:    Redeclaring math symbol \Sigma on input line 630.
LaTeX Font Info:    Redeclaring math symbol \Upsilon on input line 631.
LaTeX Font Info:    Redeclaring math symbol \Phi on input line 632.
LaTeX Font Info:    Redeclaring math symbol \Psi on input line 633.
LaTeX Font Info:    Redeclaring math symbol \Omega on input line 634.
\tocchpnum=\dimen108
\tocsecnum=\dimen109
\tocsectotal=\dimen110
\tocsubsecnum=\dimen111
\tocsubsectotal=\dimen112
\tocsubsubsecnum=\dimen113
\tocsubsubsectotal=\dimen114
\tocparanum=\dimen115
\tocparatotal=\dimen116
\tocsubparanum=\dimen117
\foot@parindent=\dimen118
\spthmsep=\dimen119
\c@theorem=\count89
\c@prob=\count90
\instindent=\dimen120
\figgap=\dimen121
\figcapgap=\dimen122
\tabcapgap=\dimen123
\c@merk=\count91
)
("C:\Users\lorenzo\AppData\Local\Programs\newMiKTeX 2.9\tex\latex\base\makeidx.
sty"
Package: makeidx 2014/09/29 v1.0m Standard LaTeX package
)
("C:\Users\lorenzo\AppData\Local\Programs\newMiKTeX 2.9\tex\latex\graphics\grap
hicx.sty"
Package: graphicx 2017/06/01 v1.1a Enhanced LaTeX Graphics (DPC,SPQR)

("C:\Users\lorenzo\AppData\Local\Programs\newMiKTeX 2.9\tex\latex\graphics\keyv
al.sty"
Package: keyval 2014/10/28 v1.15 key=value parser (DPC)
\KV@toks@=\toks14
)
("C:\Users\lorenzo\AppData\Local\Programs\newMiKTeX 2.9\tex\latex\graphics\grap
hics.sty"
Package: graphics 2017/06/25 v1.2c Standard LaTeX Graphics (DPC,SPQR)

("C:\Users\lorenzo\AppData\Local\Programs\newMiKTeX 2.9\tex\latex\graphics\trig
.sty"
Package: trig 2016/01/03 v1.10 sin cos tan (DPC)
)
("C:\Users\lorenzo\AppData\Local\Programs\newMiKTeX 2.9\tex\latex\graphics-cfg\
graphics.cfg"
File: graphics.cfg 2016/06/04 v1.11 sample graphics configuration
)
Package graphics Info: Driver file: xetex.def on input line 99.

("C:\Users\lorenzo\AppData\Local\Programs\newMiKTeX 2.9\tex\latex\graphics-def\
xetex.def"
File: xetex.def 2017/06/24 v5.0h Graphics/color driver for xetex
))
\Gin@req@height=\dimen124
\Gin@req@width=\dimen125
)
("C:\Users\lorenzo\AppData\Local\Programs\newMiKTeX 2.9\tex\latex\amsfonts\amsf
onts.sty"
Package: amsfonts 2013/01/14 v3.01 Basic AMSFonts support
\@emptytoks=\toks15
\symAMSa=\mathgroup4
\symAMSb=\mathgroup5
LaTeX Font Info:    Overwriting math alphabet `\mathfrak' in version `bold'
(Font)                  U/euf/m/n --> U/euf/b/n on input line 106.
)
("C:\Users\lorenzo\AppData\Local\Programs\newMiKTeX 2.9\tex\latex\amsmath\amsma
th.sty"
Package: amsmath 2017/09/02 v2.17a AMS math features
\@mathmargin=\skip43

For additional information on amsmath, use the `?' option.

("C:\Users\lorenzo\AppData\Local\Programs\newMiKTeX 2.9\tex\latex\amsmath\amste
xt.sty"
Package: amstext 2000/06/29 v2.01 AMS text

("C:\Users\lorenzo\AppData\Local\Programs\newMiKTeX 2.9\tex\latex\amsmath\amsge
n.sty"
File: amsgen.sty 1999/11/30 v2.0 generic functions
\@emptytoks=\toks16
\ex@=\dimen126
))
("C:\Users\lorenzo\AppData\Local\Programs\newMiKTeX 2.9\tex\latex\amsmath\amsbs
y.sty"
Package: amsbsy 1999/11/29 v1.2d Bold Symbols
\pmbraise@=\dimen127
)
("C:\Users\lorenzo\AppData\Local\Programs\newMiKTeX 2.9\tex\latex\amsmath\amsop
n.sty"
Package: amsopn 2016/03/08 v2.02 operator names
)
\inf@bad=\count92
LaTeX Info: Redefining \frac on input line 213.
\uproot@=\count93
\leftroot@=\count94
LaTeX Info: Redefining \overline on input line 375.
\classnum@=\count95
\DOTSCASE@=\count96
LaTeX Info: Redefining \ldots on input line 472.
LaTeX Info: Redefining \dots on input line 475.
LaTeX Info: Redefining \cdots on input line 596.
\Mathstrutbox@=\box26
\strutbox@=\box27
\big@size=\dimen128
LaTeX Font Info:    Redeclaring font encoding OML on input line 712.
LaTeX Font Info:    Redeclaring font encoding OMS on input line 713.


Package amsmath Warning: Unable to redefine math accent \vec.

\macc@depth=\count97
\c@MaxMatrixCols=\count98
\dotsspace@=\muskip10
\c@parentequation=\count99
\dspbrk@lvl=\count100
\tag@help=\toks17
\row@=\count101
\column@=\count102
\maxfields@=\count103
\andhelp@=\toks18
\eqnshift@=\dimen129
\alignsep@=\dimen130
\tagshift@=\dimen131
\tagwidth@=\dimen132
\totwidth@=\dimen133
\lineht@=\dimen134
\@envbody=\toks19
\multlinegap=\skip44
\multlinetaggap=\skip45
\mathdisplay@stack=\toks20
LaTeX Info: Redefining \[ on input line 2817.
LaTeX Info: Redefining \] on input line 2818.
)
("C:\Users\lorenzo\AppData\Local\Programs\newMiKTeX 2.9\tex\latex\amsfonts\amss
ymb.sty"
Package: amssymb 2013/01/14 v3.01 AMS font symbols
)
("C:\Users\lorenzo\AppData\Local\Programs\newMiKTeX 2.9\tex\latex\tools\multico
l.sty"
Package: multicol 2018/04/20 v1.8s multicolumn formatting (FMi)
\c@tracingmulticols=\count104
\mult@box=\box28
\multicol@leftmargin=\dimen135
\c@unbalance=\count105
\c@collectmore=\count106
\doublecol@number=\count107
\multicoltolerance=\count108
\multicolpretolerance=\count109
\full@width=\dimen136
\page@free=\dimen137
\premulticols=\dimen138
\postmulticols=\dimen139
\multicolsep=\skip46
\multicolbaselineskip=\skip47
\partial@page=\box29
\last@line=\box30
\maxbalancingoverflow=\dimen140
\mult@rightbox=\box31
\mult@grightbox=\box32
\mult@gfirstbox=\box33
\mult@firstbox=\box34
\@tempa=\box35
\@tempa=\box36
\@tempa=\box37
\@tempa=\box38
\@tempa=\box39
\@tempa=\box40
\@tempa=\box41
\@tempa=\box42
\@tempa=\box43
\@tempa=\box44
\@tempa=\box45
\@tempa=\box46
\@tempa=\box47
\@tempa=\box48
\@tempa=\box49
\@tempa=\box50
\@tempa=\box51
\c@columnbadness=\count110
\c@finalcolumnbadness=\count111
\last@try=\dimen141
\multicolovershoot=\dimen142
\multicolundershoot=\dimen143
\mult@nat@firstbox=\box52
\colbreak@box=\box53
\mc@col@check@num=\count112
)
("C:\Users\lorenzo\AppData\Local\Programs\newMiKTeX 2.9\tex\latex\cancel\cancel
.sty"
Package: cancel 2013/04/12 v2.2 Cancel math terms
)
("C:\Users\lorenzo\AppData\Local\Programs\newMiKTeX 2.9\tex\latex\quoting\quoti
ng.sty"
Package: quoting 2014/01/28 v0.1c Consolidated environment for displayed text

("C:\Users\lorenzo\AppData\Local\Programs\newMiKTeX 2.9\tex\latex\etoolbox\etoo
lbox.sty"
Package: etoolbox 2018/08/19 v2.5f e-TeX tools for LaTeX (JAW)
\etb@tempcnta=\count113
)
("C:\Users\lorenzo\AppData\Local\Programs\newMiKTeX 2.9\tex\latex\oberdiek\kvop
tions.sty"
Package: kvoptions 2016/05/16 v3.12 Key value format for package options (HO)

("C:\Users\lorenzo\AppData\Local\Programs\newMiKTeX 2.9\tex\generic\oberdiek\lt
xcmds.sty"
Package: ltxcmds 2016/05/16 v1.23 LaTeX kernel commands for general use (HO)
)
("C:\Users\lorenzo\AppData\Local\Programs\newMiKTeX 2.9\tex\generic\oberdiek\kv
setkeys.sty"
Package: kvsetkeys 2016/05/16 v1.17 Key value parser (HO)

("C:\Users\lorenzo\AppData\Local\Programs\newMiKTeX 2.9\tex\generic\oberdiek\in
fwarerr.sty"
Package: infwarerr 2016/05/16 v1.4 Providing info/warning/error messages (HO)
)
("C:\Users\lorenzo\AppData\Local\Programs\newMiKTeX 2.9\tex\generic\oberdiek\et
excmds.sty"
Package: etexcmds 2016/05/16 v1.6 Avoid name clashes with e-TeX commands (HO)

("C:\Users\lorenzo\AppData\Local\Programs\newMiKTeX 2.9\tex\generic\oberdiek\if
luatex.sty"
Package: ifluatex 2016/05/16 v1.4 Provides the ifluatex switch (HO)
Package ifluatex Info: LuaTeX not detected.
)
Package etexcmds Info: Could not find \expanded.
(etexcmds)             That can mean that you are not using pdfTeX 1.50 or
(etexcmds)             that some package has redefined \expanded.
(etexcmds)             In the latter case, load this package earlier.
)))
\quo@toppartop=\skip48
)
("C:\Users\lorenzo\AppData\Local\Programs\newMiKTeX 2.9\tex\latex\footmisc\foot
misc.sty"
Package: footmisc 2011/06/06 v5.5b a miscellany of footnote facilities
\FN@temptoken=\toks21
\footnotemargin=\dimen144
\c@pp@next@reset=\count114
Package footmisc Info: Declaring symbol style bringhurst on input line 855.
Package footmisc Info: Declaring symbol style chicago on input line 863.
Package footmisc Info: Declaring symbol style wiley on input line 872.
Package footmisc Info: Declaring symbol style lamport-robust on input line 883.

Package footmisc Info: Declaring symbol style lamport* on input line 903.
Package footmisc Info: Declaring symbol style lamport*-robust on input line 924
.
)
("C:\Users\lorenzo\AppData\Local\Programs\newMiKTeX 2.9\tex\generic\babel\babel
.sty"
Package: babel 2018/06/05 3.22 The Babel package

("C:\Users\lorenzo\AppData\Local\Programs\newMiKTeX 2.9\tex\generic\babel\switc
h.def"
File: switch.def 2018/06/05 3.22 Babel switching mechanism
)
*************************************
* Local config file bblopts.cfg used
*

("C:\Users\lorenzo\AppData\Local\Programs\newMiKTeX 2.9\tex\latex\arabi\bblopts
.cfg"
File: bblopts.cfg 2005/09/08 v0.1 add Arabic and Farsi to "declared" options of
 babel
)
("C:\Users\lorenzo\AppData\Local\Programs\newMiKTeX 2.9\tex\latex\babel-italian
\italian.ldf"
Language: italian 2015/03/26 v1.3n Italian support from the babel system

("C:\Users\lorenzo\AppData\Local\Programs\newMiKTeX 2.9\tex\generic\babel\babel
.def"
File: babel.def 2018/06/05 3.22 Babel common definitions
\babel@savecnt=\count115
\U@D=\dimen145

("C:\Users\lorenzo\AppData\Local\Programs\newMiKTeX 2.9\tex\generic\babel\xebab
el.def"
("C:\Users\lorenzo\AppData\Local\Programs\newMiKTeX 2.9\tex\generic\babel\txtba
bel.def"))
\bbl@dirlevel=\count116
)
\it@lettering=\count117
\it@doublequoteactive=\count118
\it@ISOcompliance=\count119
))
\@indexfile=\write3
\openout3 = `Ricettine.idx'.


Writing index file Ricettine.idx
(C:/Users/lorenzo/Documents/GitHub/Ricettine/LaTex\Ricettine.aux
! Undefined control sequence.
l.2 \bbl@beforestart
                    
? 
(C:/Users/lorenzo/Documents/GitHub/Ricettine/LaTex\Contenuto/dedic_it.aux)
(C:/Users/lorenzo/Documents/GitHub/Ricettine/LaTex\Contenuto/pref_it.aux)
(C:/Users/lorenzo/Documents/GitHub/Ricettine/LaTex\Contenuto/Lore.aux)
(C:/Users/lorenzo/Documents/GitHub/Ricettine/LaTex\Contenuto/Fede.aux)
(C:/Users/lorenzo/Documents/GitHub/Ricettine/LaTex\Contenuto/Arme.aux))
\openout1 = `Ricettine.aux'.

LaTeX Font Info:    Checking defaults for OML/cmm/m/it on input line 39.
LaTeX Font Info:    ... okay on input line 39.
LaTeX Font Info:    Checking defaults for T1/cmr/m/n on input line 39.
LaTeX Font Info:    ... okay on input line 39.
LaTeX Font Info:    Checking defaults for OT1/cmr/m/n on input line 39.
LaTeX Font Info:    ... okay on input line 39.
LaTeX Font Info:    Checking defaults for OMS/cmsy/m/n on input line 39.
LaTeX Font Info:    ... okay on input line 39.
LaTeX Font Info:    Checking defaults for TU/lmr/m/n on input line 39.
LaTeX Font Info:    ... okay on input line 39.
LaTeX Font Info:    Checking defaults for OMX/cmex/m/n on input line 39.
LaTeX Font Info:    ... okay on input line 39.
LaTeX Font Info:    Checking defaults for U/cmr/m/n on input line 39.
LaTeX Font Info:    ... okay on input line 39.

Underfull \hbox (badness 6094) in paragraph at lines 49--49
 
 []

[1

] [2


]
\openout2 = `Contenuto/dedic_it.aux'.


(C:/Users/lorenzo/Documents/GitHub/Ricettine/LaTex\Contenuto/dedic_it.tex)
[5

]
\openout2 = `Contenuto/pref_it.aux'.

 (C:/Users/lorenzo/Documents/GitHub/Ricettine/LaTex\Contenuto/pref_it.tex
[6




]
LaTeX Font Info:    Try loading font information for U+msa on input line 10.

("C:\Users\lorenzo\AppData\Local\Programs\newMiKTeX 2.9\tex\latex\amsfonts\umsa
.fd"
File: umsa.fd 2013/01/14 v3.01 AMS symbols A
)
LaTeX Font Info:    Try loading font information for U+msb on input line 10.

("C:\Users\lorenzo\AppData\Local\Programs\newMiKTeX 2.9\tex\latex\amsfonts\umsb
.fd"
File: umsb.fd 2013/01/14 v3.01 AMS symbols B
)) [7] [8



] (C:/Users/lorenzo/Documents/GitHub/Ricettine/LaTex\Ricettine.toc)
\tf@toc=\write4
\openout4 = `Ricettine.toc'.

 [9] [10


] [1


] [2]
\openout2 = `Contenuto/Lore.aux'.


(C:/Users/lorenzo/Documents/GitHub/Ricettine/LaTex\Contenuto/Lore.tex
Capitolo 1.
[3



] [4


]
Capitolo 2.
[5] [6


]
Capitolo 3.
[7] [8


]
Capitolo 4.
[9] [10


]
Capitolo 5.
[11]) [12] [13



] [14]
\openout2 = `Contenuto/Fede.aux'.


(C:/Users/lorenzo/Documents/GitHub/Ricettine/LaTex\Contenuto/Fede.tex
Capitolo 6.
File: fig/carlino.png Graphic file (type bmp)
<fig/carlino.png>
[15



] [16


]
Capitolo 7.
[17] [18


]
Capitolo 8.
[19] [20


]
Capitolo 9.
) [21] [22



] [23] [24]
\openout2 = `Contenuto/Arme.aux'.


(C:/Users/lorenzo/Documents/GitHub/Ricettine/LaTex\Contenuto/Arme.tex
Capitolo 10.
[25



] [26


]
Capitolo 11.
[27] [28


]
Capitolo 12.
[29] [30


]
Capitolo 13.
) [31] [32



] (Ricettine.aux (Contenuto/dedic_it.aux) (Contenuto/pref_it.aux)
(Contenuto/Lore.aux) (Contenuto/Fede.aux) (Contenuto/Arme.aux))

LaTeX Warning: Label(s) may have changed. Rerun to get cross-references right.

 ) 
Here is how much of TeX's memory you used:
 3492 strings out of 427798
 44343 string characters out of 3146884
 140696 words of memory out of 3000000
 7396 multiletter control sequences out of 15000+200000
 5427 words of font info for 33 fonts, out of 3000000 for 9000
 1328 hyphenation exceptions out of 8191
 37i,5n,25p,929b,225s stack positions out of 5000i,500n,10000p,200000b,50000s

Output written on Ricettine.pdf (40 pages).
